<?xml version="1.0" encoding="UTF-8"?>
<testsuite xmlns:xsi="http://www.w3.org/2001/XMLSchema-instance" xsi:noNamespaceSchemaLocation="https://maven.apache.org/surefire/maven-surefire-plugin/xsd/surefire-test-report-3.0.xsd" version="3.0" name="hu.dss.util.SalesDataValidatorTest" time="0.137" tests="9" errors="0" skipped="0" failures="0">
  <properties>
[...]
</properties>
  <testcase name="testIsLineSeparatorValid_WhenSeparatorNotMatch_ReturnFalse" classname="hu.dss.util.SalesDataValidatorTest" time="0.011"/>
  <testcase name="testIsLineSeparatorValid_WhenSeparatorMatch_ReturnTrue" classname="hu.dss.util.SalesDataValidatorTest" time="0.013"/>
  <testcase name="testIsLineContentValid_WhenLineContainsLessElementAsExpected_ReturnFalse" classname="hu.dss.util.SalesDataValidatorTest" time="0.009"/>
  <testcase name="testIsLineContentValid_WhenLineContainsMoreElementAsExpected_ReturnFalse" classname="hu.dss.util.SalesDataValidatorTest" time="0.004"/>
  <testcase name="testIsLineContentValid_WhenLineContainsExpectedNumberOfElement_ReturnTrue" classname="hu.dss.util.SalesDataValidatorTest" time="0.005"/>
  <testcase name="testValidateLineDetailsAndGetErrors_WhenAllElementIsInvalid_ReturnErrors" classname="hu.dss.util.SalesDataValidatorTest" time="0.01"/>
  <testcase name="testValidateLineDetailsAndGetErrors_WhenEmployeeIdNotMatchWithPattern_ReturnErrors" classname="hu.dss.util.SalesDataValidatorTest" time="0.008"/>
  <testcase name="testValidateLineDetailsAndGetErrors_WhenSalesValueEqualsZero_ReturnErrors" classname="hu.dss.util.SalesDataValidatorTest" time="0.004"/>
  <testcase name="testValidateLineDetailsAndGetErrors_WhenSalesValueLessThenZero_ReturnErrors" classname="hu.dss.util.SalesDataValidatorTest" time="0.006"/>
</testsuite>